<?xml version="1.0" encoding="UTF-8"?>
<testsuite xmlns:xsi="http://www.w3.org/2001/XMLSchema-instance" xsi:noNamespaceSchemaLocation="https://maven.apache.org/surefire/maven-surefire-plugin/xsd/surefire-test-report.xsd" name="com.store.ProductServiceTest" time="0.001" tests="3" errors="0" skipped="0" failures="0">
  <properties>
    <property name="java.specification.version" value="22"/>
    <property name="sun.jnu.encoding" value="UTF-8"/>
    <property name="java.class.path" value="/Users/himanshu/Downloads/coding-test/target/test-classes:/Users/himanshu/Downloads/coding-test/target/classes:/Users/himanshu/.m2/repository/org/springframework/boot/spring-boot-starter-actuator/3.3.0/spring-boot-starter-actuator-3.3.0.jar:/Users/himanshu/.m2/repository/org/springframework/boot/spring-boot-actuator-autoconfigure/3.3.0/spring-boot-actuator-autoconfigure-3.3.0.jar:/Users/himanshu/.m2/repository/org/springframework/boot/spring-boot-actuator/3.3.0/spring-boot-actuator-3.3.0.jar:/Users/himanshu/.m2/repository/com/fasterxml/jackson/datatype/jackson-datatype-jsr310/2.17.1/jackson-datatype-jsr310-2.17.1.jar:/Users/himanshu/.m2/repository/io/micrometer/micrometer-observation/1.13.0/micrometer-observation-1.13.0.jar:/Users/himanshu/.m2/repository/io/micrometer/micrometer-commons/1.13.0/micrometer-commons-1.13.0.jar:/Users/himanshu/.m2/repository/io/micrometer/micrometer-jakarta9/1.13.0/micrometer-jakarta9-1.13.0.jar:/Users/himanshu/.m2/repository/io/micrometer/micrometer-core/1.13.0/micrometer-core-1.13.0.jar:/Users/himanshu/.m2/repository/org/hdrhistogram/HdrHistogram/2.2.1/HdrHistogram-2.2.1.jar:/Users/himanshu/.m2/repository/org/latencyutils/LatencyUtils/2.0.3/LatencyUtils-2.0.3.jar:/Users/himanshu/.m2/repository/javax/validation/validation-api/2.0.1.Final/validation-api-2.0.1.Final.jar:/Users/himanshu/.m2/repository/org/springframework/boot/spring-boot-starter/3.3.0/spring-boot-starter-3.3.0.jar:/Users/himanshu/.m2/repository/org/springframework/boot/spring-boot/3.3.0/spring-boot-3.3.0.jar:/Users/himanshu/.m2/repository/org/springframework/boot/spring-boot-autoconfigure/3.3.0/spring-boot-autoconfigure-3.3.0.jar:/Users/himanshu/.m2/repository/org/springframework/boot/spring-boot-starter-logging/3.3.0/spring-boot-starter-logging-3.3.0.jar:/Users/himanshu/.m2/repository/org/apache/logging/log4j/log4j-to-slf4j/2.23.1/log4j-to-slf4j-2.23.1.jar:/Users/himanshu/.m2/repository/org/apache/logging/log4j/log4j-api/2.23.1/log4j-api-2.23.1.jar:/Users/himanshu/.m2/repository/org/slf4j/jul-to-slf4j/2.0.13/jul-to-slf4j-2.0.13.jar:/Users/himanshu/.m2/repository/jakarta/annotation/jakarta.annotation-api/2.1.1/jakarta.annotation-api-2.1.1.jar:/Users/himanshu/.m2/repository/org/springframework/spring-core/6.1.8/spring-core-6.1.8.jar:/Users/himanshu/.m2/repository/org/springframework/spring-jcl/6.1.8/spring-jcl-6.1.8.jar:/Users/himanshu/.m2/repository/org/yaml/snakeyaml/2.2/snakeyaml-2.2.jar:/Users/himanshu/.m2/repository/org/springframework/boot/spring-boot-starter-web/3.3.0/spring-boot-starter-web-3.3.0.jar:/Users/himanshu/.m2/repository/org/springframework/boot/spring-boot-starter-json/3.3.0/spring-boot-starter-json-3.3.0.jar:/Users/himanshu/.m2/repository/com/fasterxml/jackson/datatype/jackson-datatype-jdk8/2.17.1/jackson-datatype-jdk8-2.17.1.jar:/Users/himanshu/.m2/repository/com/fasterxml/jackson/module/jackson-module-parameter-names/2.17.1/jackson-module-parameter-names-2.17.1.jar:/Users/himanshu/.m2/repository/org/springframework/boot/spring-boot-starter-tomcat/3.3.0/spring-boot-starter-tomcat-3.3.0.jar:/Users/himanshu/.m2/repository/org/apache/tomcat/embed/tomcat-embed-core/10.1.24/tomcat-embed-core-10.1.24.jar:/Users/himanshu/.m2/repository/org/apache/tomcat/embed/tomcat-embed-websocket/10.1.24/tomcat-embed-websocket-10.1.24.jar:/Users/himanshu/.m2/repository/org/springframework/spring-web/6.1.8/spring-web-6.1.8.jar:/Users/himanshu/.m2/repository/org/springframework/spring-beans/6.1.8/spring-beans-6.1.8.jar:/Users/himanshu/.m2/repository/org/springframework/spring-webmvc/6.1.8/spring-webmvc-6.1.8.jar:/Users/himanshu/.m2/repository/org/springframework/spring-aop/6.1.8/spring-aop-6.1.8.jar:/Users/himanshu/.m2/repository/org/springframework/spring-expression/6.1.8/spring-expression-6.1.8.jar:/Users/himanshu/.m2/repository/org/springframework/boot/spring-boot-starter-validation/3.3.0/spring-boot-starter-validation-3.3.0.jar:/Users/himanshu/.m2/repository/org/apache/tomcat/embed/tomcat-embed-el/10.1.24/tomcat-embed-el-10.1.24.jar:/Users/himanshu/.m2/repository/org/hibernate/validator/hibernate-validator/8.0.1.Final/hibernate-validator-8.0.1.Final.jar:/Users/himanshu/.m2/repository/jakarta/validation/jakarta.validation-api/3.0.2/jakarta.validation-api-3.0.2.jar:/Users/himanshu/.m2/repository/org/jboss/logging/jboss-logging/3.4.3.Final/jboss-logging-3.4.3.Final.jar:/Users/himanshu/.m2/repository/com/fasterxml/classmate/1.5.1/classmate-1.5.1.jar:/Users/himanshu/.m2/repository/org/springframework/boot/spring-boot-starter-test/3.3.0/spring-boot-starter-test-3.3.0.jar:/Users/himanshu/.m2/repository/org/springframework/boot/spring-boot-test/3.3.0/spring-boot-test-3.3.0.jar:/Users/himanshu/.m2/repository/org/springframework/boot/spring-boot-test-autoconfigure/3.3.0/spring-boot-test-autoconfigure-3.3.0.jar:/Users/himanshu/.m2/repository/com/jayway/jsonpath/json-path/2.9.0/json-path-2.9.0.jar:/Users/himanshu/.m2/repository/org/slf4j/slf4j-api/2.0.11/slf4j-api-2.0.11.jar:/Users/himanshu/.m2/repository/jakarta/xml/bind/jakarta.xml.bind-api/4.0.2/jakarta.xml.bind-api-4.0.2.jar:/Users/himanshu/.m2/repository/jakarta/activation/jakarta.activation-api/2.1.3/jakarta.activation-api-2.1.3.jar:/Users/himanshu/.m2/repository/net/minidev/json-smart/2.5.1/json-smart-2.5.1.jar:/Users/himanshu/.m2/repository/net/minidev/accessors-smart/2.5.1/accessors-smart-2.5.1.jar:/Users/himanshu/.m2/repository/org/assertj/assertj-core/3.25.3/assertj-core-3.25.3.jar:/Users/himanshu/.m2/repository/net/bytebuddy/byte-buddy/1.14.11/byte-buddy-1.14.11.jar:/Users/himanshu/.m2/repository/org/awaitility/awaitility/4.2.1/awaitility-4.2.1.jar:/Users/himanshu/.m2/repository/org/hamcrest/hamcrest/2.2/hamcrest-2.2.jar:/Users/himanshu/.m2/repository/org/junit/jupiter/junit-jupiter/5.10.2/junit-jupiter-5.10.2.jar:/Users/himanshu/.m2/repository/org/junit/jupiter/junit-jupiter-params/5.10.2/junit-jupiter-params-5.10.2.jar:/Users/himanshu/.m2/repository/org/mockito/mockito-core/5.11.0/mockito-core-5.11.0.jar:/Users/himanshu/.m2/repository/net/bytebuddy/byte-buddy-agent/1.14.12/byte-buddy-agent-1.14.12.jar:/Users/himanshu/.m2/repository/org/objenesis/objenesis/3.3/objenesis-3.3.jar:/Users/himanshu/.m2/repository/org/mockito/mockito-junit-jupiter/5.11.0/mockito-junit-jupiter-5.11.0.jar:/Users/himanshu/.m2/repository/org/skyscreamer/jsonassert/1.5.1/jsonassert-1.5.1.jar:/Users/himanshu/.m2/repository/com/vaadin/external/google/android-json/0.0.20131108.vaadin1/android-json-0.0.20131108.vaadin1.jar:/Users/himanshu/.m2/repository/org/springframework/spring-test/6.1.8/spring-test-6.1.8.jar:/Users/himanshu/.m2/repository/org/xmlunit/xmlunit-core/2.9.1/xmlunit-core-2.9.1.jar:/Users/himanshu/.m2/repository/org/springframework/boot/spring-boot-maven-plugin/3.3.0/spring-boot-maven-plugin-3.3.0.jar:/Users/himanshu/.m2/repository/org/springframework/boot/spring-boot-buildpack-platform/3.3.0/spring-boot-buildpack-platform-3.3.0.jar:/Users/himanshu/.m2/repository/net/java/dev/jna/jna-platform/5.13.0/jna-platform-5.13.0.jar:/Users/himanshu/.m2/repository/net/java/dev/jna/jna/5.13.0/jna-5.13.0.jar:/Users/himanshu/.m2/repository/org/apache/commons/commons-compress/1.25.0/commons-compress-1.25.0.jar:/Users/himanshu/.m2/repository/org/apache/httpcomponents/client5/httpclient5/5.3.1/httpclient5-5.3.1.jar:/Users/himanshu/.m2/repository/org/apache/httpcomponents/core5/httpcore5/5.2.4/httpcore5-5.2.4.jar:/Users/himanshu/.m2/repository/org/apache/httpcomponents/core5/httpcore5-h2/5.2.4/httpcore5-h2-5.2.4.jar:/Users/himanshu/.m2/repository/org/tomlj/tomlj/1.0.0/tomlj-1.0.0.jar:/Users/himanshu/.m2/repository/org/antlr/antlr4-runtime/4.7.2/antlr4-runtime-4.7.2.jar:/Users/himanshu/.m2/repository/com/google/code/findbugs/jsr305/3.0.2/jsr305-3.0.2.jar:/Users/himanshu/.m2/repository/org/springframework/boot/spring-boot-loader-tools/3.3.0/spring-boot-loader-tools-3.3.0.jar:/Users/himanshu/.m2/repository/org/apache/maven/shared/maven-common-artifact-filters/3.3.2/maven-common-artifact-filters-3.3.2.jar:/Users/himanshu/.m2/repository/org/springframework/spring-context/6.1.8/spring-context-6.1.8.jar:/Users/himanshu/.m2/repository/org/sonatype/plexus/plexus-build-api/0.0.7/plexus-build-api-0.0.7.jar:/Users/himanshu/.m2/repository/org/codehaus/plexus/plexus-utils/1.5.8/plexus-utils-1.5.8.jar:/Users/himanshu/.m2/repository/org/junit/jupiter/junit-jupiter-engine/5.10.2/junit-jupiter-engine-5.10.2.jar:/Users/himanshu/.m2/repository/org/junit/platform/junit-platform-engine/1.10.2/junit-platform-engine-1.10.2.jar:/Users/himanshu/.m2/repository/org/apiguardian/apiguardian-api/1.1.2/apiguardian-api-1.1.2.jar:/Users/himanshu/.m2/repository/org/junit/jupiter/junit-jupiter-api/5.10.2/junit-jupiter-api-5.10.2.jar:/Users/himanshu/.m2/repository/org/opentest4j/opentest4j/1.3.0/opentest4j-1.3.0.jar:/Users/himanshu/.m2/repository/org/junit/platform/junit-platform-commons/1.10.2/junit-platform-commons-1.10.2.jar:/Users/himanshu/.m2/repository/org/apache/maven/plugins/maven-surefire-plugin/2.22.2/maven-surefire-plugin-2.22.2.jar:/Users/himanshu/.m2/repository/org/apache/maven/surefire/maven-surefire-common/2.22.2/maven-surefire-common-2.22.2.jar:/Users/himanshu/.m2/repository/org/apache/maven/plugin-tools/maven-plugin-annotations/3.5.2/maven-plugin-annotations-3.5.2.jar:/Users/himanshu/.m2/repository/org/apache/maven/surefire/surefire-api/2.22.2/surefire-api-2.22.2.jar:/Users/himanshu/.m2/repository/org/apache/maven/surefire/surefire-logger-api/2.22.2/surefire-logger-api-2.22.2.jar:/Users/himanshu/.m2/repository/org/apache/maven/surefire/surefire-booter/2.22.2/surefire-booter-2.22.2.jar:/Users/himanshu/.m2/repository/org/apache/maven/maven-plugin-descriptor/2.2.1/maven-plugin-descriptor-2.2.1.jar:/Users/himanshu/.m2/repository/org/codehaus/plexus/plexus-container-default/1.0-alpha-9-stable-1/plexus-container-default-1.0-alpha-9-stable-1.jar:/Users/himanshu/.m2/repository/classworlds/classworlds/1.1-alpha-2/classworlds-1.1-alpha-2.jar:/Users/himanshu/.m2/repository/org/apache/maven/maven-project/2.2.1/maven-project-2.2.1.jar:/Users/himanshu/.m2/repository/org/apache/maven/maven-profile/2.2.1/maven-profile-2.2.1.jar:/Users/himanshu/.m2/repository/org/apache/maven/maven-artifact-manager/2.2.1/maven-artifact-manager-2.2.1.jar:/Users/himanshu/.m2/repository/org/apache/maven/wagon/wagon-provider-api/1.0-beta-6/wagon-provider-api-1.0-beta-6.jar:/Users/himanshu/.m2/repository/backport-util-concurrent/backport-util-concurrent/3.1/backport-util-concurrent-3.1.jar:/Users/himanshu/.m2/repository/org/apache/maven/maven-plugin-registry/2.2.1/maven-plugin-registry-2.2.1.jar:/Users/himanshu/.m2/repository/org/apache/maven/maven-model/2.2.1/maven-model-2.2.1.jar:/Users/himanshu/.m2/repository/org/apache/maven/maven-toolchain/2.2.1/maven-toolchain-2.2.1.jar:/Users/himanshu/.m2/repository/org/apache/maven/plugins/maven-compiler-plugin/3.8.1/maven-compiler-plugin-3.8.1.jar:/Users/himanshu/.m2/repository/org/apache/maven/maven-plugin-api/3.0/maven-plugin-api-3.0.jar:/Users/himanshu/.m2/repository/org/sonatype/sisu/sisu-inject-plexus/1.4.2/sisu-inject-plexus-1.4.2.jar:/Users/himanshu/.m2/repository/org/sonatype/sisu/sisu-inject-bean/1.4.2/sisu-inject-bean-1.4.2.jar:/Users/himanshu/.m2/repository/org/sonatype/sisu/sisu-guice/2.1.7/sisu-guice-2.1.7-noaop.jar:/Users/himanshu/.m2/repository/org/apache/maven/maven-artifact/3.0/maven-artifact-3.0.jar:/Users/himanshu/.m2/repository/org/apache/maven/maven-core/3.0/maven-core-3.0.jar:/Users/himanshu/.m2/repository/org/apache/maven/maven-settings/3.0/maven-settings-3.0.jar:/Users/himanshu/.m2/repository/org/apache/maven/maven-settings-builder/3.0/maven-settings-builder-3.0.jar:/Users/himanshu/.m2/repository/org/apache/maven/maven-repository-metadata/3.0/maven-repository-metadata-3.0.jar:/Users/himanshu/.m2/repository/org/apache/maven/maven-model-builder/3.0/maven-model-builder-3.0.jar:/Users/himanshu/.m2/repository/org/apache/maven/maven-aether-provider/3.0/maven-aether-provider-3.0.jar:/Users/himanshu/.m2/repository/org/sonatype/aether/aether-impl/1.7/aether-impl-1.7.jar:/Users/himanshu/.m2/repository/org/sonatype/aether/aether-spi/1.7/aether-spi-1.7.jar:/Users/himanshu/.m2/repository/org/sonatype/aether/aether-api/1.7/aether-api-1.7.jar:/Users/himanshu/.m2/repository/org/sonatype/aether/aether-util/1.7/aether-util-1.7.jar:/Users/himanshu/.m2/repository/org/codehaus/plexus/plexus-interpolation/1.14/plexus-interpolation-1.14.jar:/Users/himanshu/.m2/repository/org/codehaus/plexus/plexus-classworlds/2.2.3/plexus-classworlds-2.2.3.jar:/Users/himanshu/.m2/repository/org/codehaus/plexus/plexus-component-annotations/1.5.5/plexus-component-annotations-1.5.5.jar:/Users/himanshu/.m2/repository/org/sonatype/plexus/plexus-sec-dispatcher/1.3/plexus-sec-dispatcher-1.3.jar:/Users/himanshu/.m2/repository/org/sonatype/plexus/plexus-cipher/1.4/plexus-cipher-1.4.jar:/Users/himanshu/.m2/repository/org/apache/maven/shared/maven-shared-utils/3.2.1/maven-shared-utils-3.2.1.jar:/Users/himanshu/.m2/repository/commons-io/commons-io/2.5/commons-io-2.5.jar:/Users/himanshu/.m2/repository/org/apache/maven/shared/maven-shared-incremental/1.1/maven-shared-incremental-1.1.jar:/Users/himanshu/.m2/repository/org/codehaus/plexus/plexus-java/0.9.10/plexus-java-0.9.10.jar:/Users/himanshu/.m2/repository/org/ow2/asm/asm/6.2/asm-6.2.jar:/Users/himanshu/.m2/repository/com/thoughtworks/qdox/qdox/2.0-M8/qdox-2.0-M8.jar:/Users/himanshu/.m2/repository/org/codehaus/plexus/plexus-compiler-api/2.8.4/plexus-compiler-api-2.8.4.jar:/Users/himanshu/.m2/repository/org/codehaus/plexus/plexus-compiler-manager/2.8.4/plexus-compiler-manager-2.8.4.jar:/Users/himanshu/.m2/repository/org/codehaus/plexus/plexus-compiler-javac/2.8.4/plexus-compiler-javac-2.8.4.jar:/Users/himanshu/.m2/repository/io/specmatic/junit5-support/2.0.8/junit5-support-2.0.8.jar:/Users/himanshu/.m2/repository/io/specmatic/specmatic-core/2.0.8/specmatic-core-2.0.8.jar:/Users/himanshu/.m2/repository/joda-time/joda-time/2.12.7/joda-time-2.12.7.jar:/Users/himanshu/.m2/repository/io/cucumber/gherkin/22.0.0/gherkin-22.0.0.jar:/Users/himanshu/.m2/repository/io/cucumber/messages/17.1.1/messages-17.1.1.jar:/Users/himanshu/.m2/repository/io/ktor/ktor-server-netty-jvm/2.3.12/ktor-server-netty-jvm-2.3.12.jar:/Users/himanshu/.m2/repository/io/ktor/ktor-server-host-common-jvm/2.3.12/ktor-server-host-common-jvm-2.3.12.jar:/Users/himanshu/.m2/repository/io/netty/netty-codec-http2/4.1.111.Final/netty-codec-http2-4.1.111.Final.jar:/Users/himanshu/.m2/repository/org/eclipse/jetty/alpn/alpn-api/1.1.3.v20160715/alpn-api-1.1.3.v20160715.jar:/Users/himanshu/.m2/repository/io/netty/netty-transport-native-kqueue/4.1.111.Final/netty-transport-native-kqueue-4.1.111.Final.jar:/Users/himanshu/.m2/repository/io/netty/netty-transport-classes-kqueue/4.1.111.Final/netty-transport-classes-kqueue-4.1.111.Final.jar:/Users/himanshu/.m2/repository/io/netty/netty-transport-native-epoll/4.1.111.Final/netty-transport-native-epoll-4.1.111.Final.jar:/Users/himanshu/.m2/repository/io/netty/netty-transport-classes-epoll/4.1.111.Final/netty-transport-classes-epoll-4.1.111.Final.jar:/Users/himanshu/.m2/repository/io/ktor/ktor-server-core-jvm/2.3.12/ktor-server-core-jvm-2.3.12.jar:/Users/himanshu/.m2/repository/com/typesafe/config/1.4.3/config-1.4.3.jar:/Users/himanshu/.m2/repository/io/ktor/ktor-utils-jvm/2.3.12/ktor-utils-jvm-2.3.12.jar:/Users/himanshu/.m2/repository/io/ktor/ktor-io-jvm/2.3.12/ktor-io-jvm-2.3.12.jar:/Users/himanshu/.m2/repository/io/ktor/ktor-serialization-jvm/2.3.12/ktor-serialization-jvm-2.3.12.jar:/Users/himanshu/.m2/repository/io/ktor/ktor-client-apache-jvm/2.3.12/ktor-client-apache-jvm-2.3.12.jar:/Users/himanshu/.m2/repository/org/apache/httpcomponents/httpasyncclient/4.1.5/httpasyncclient-4.1.5.jar:/Users/himanshu/.m2/repository/org/apache/httpcomponents/httpcore/4.4.15/httpcore-4.4.15.jar:/Users/himanshu/.m2/repository/org/apache/httpcomponents/httpcore-nio/4.4.15/httpcore-nio-4.4.15.jar:/Users/himanshu/.m2/repository/org/apache/httpcomponents/httpclient/4.5.13/httpclient-4.5.13.jar:/Users/himanshu/.m2/repository/commons-logging/commons-logging/1.2/commons-logging-1.2.jar:/Users/himanshu/.m2/repository/io/ktor/ktor-server-cors-jvm/2.3.12/ktor-server-cors-jvm-2.3.12.jar:/Users/himanshu/.m2/repository/io/ktor/ktor-server-double-receive-jvm/2.3.12/ktor-server-double-receive-jvm-2.3.12.jar:/Users/himanshu/.m2/repository/org/eclipse/jgit/org.eclipse.jgit/6.10.0.202406032230-r/org.eclipse.jgit-6.10.0.202406032230-r.jar:/Users/himanshu/.m2/repository/com/googlecode/javaewah/JavaEWAH/1.2.3/JavaEWAH-1.2.3.jar:/Users/himanshu/.m2/repository/commons-codec/commons-codec/1.17.0/commons-codec-1.17.0.jar:/Users/himanshu/.m2/repository/org/eclipse/jgit/org.eclipse.jgit.ssh.apache/6.10.0.202406032230-r/org.eclipse.jgit.ssh.apache-6.10.0.202406032230-r.jar:/Users/himanshu/.m2/repository/org/apache/sshd/sshd-osgi/2.12.1/sshd-osgi-2.12.1.jar:/Users/himanshu/.m2/repository/org/slf4j/jcl-over-slf4j/1.7.32/jcl-over-slf4j-1.7.32.jar:/Users/himanshu/.m2/repository/org/apache/sshd/sshd-sftp/2.12.1/sshd-sftp-2.12.1.jar:/Users/himanshu/.m2/repository/net/i2p/crypto/eddsa/0.3.0/eddsa-0.3.0.jar:/Users/himanshu/.m2/repository/com/flipkart/zjsonpatch/zjsonpatch/0.4.16/zjsonpatch-0.4.16.jar:/Users/himanshu/.m2/repository/org/apache/commons/commons-collections4/4.4/commons-collections4-4.4.jar:/Users/himanshu/.m2/repository/io/swagger/parser/v3/swagger-parser/2.1.22/swagger-parser-2.1.22.jar:/Users/himanshu/.m2/repository/io/swagger/parser/v3/swagger-parser-v2-converter/2.1.22/swagger-parser-v2-converter-2.1.22.jar:/Users/himanshu/.m2/repository/io/swagger/swagger-core/1.6.14/swagger-core-1.6.14.jar:/Users/himanshu/.m2/repository/org/apache/commons/commons-lang3/3.14.0/commons-lang3-3.14.0.jar:/Users/himanshu/.m2/repository/io/swagger/swagger-models/1.6.14/swagger-models-1.6.14.jar:/Users/himanshu/.m2/repository/io/swagger/swagger-annotations/1.6.14/swagger-annotations-1.6.14.jar:/Users/himanshu/.m2/repository/com/google/guava/guava/32.1.3-android/guava-32.1.3-android.jar:/Users/himanshu/.m2/repository/com/google/guava/failureaccess/1.0.1/failureaccess-1.0.1.jar:/Users/himanshu/.m2/repository/com/google/guava/listenablefuture/9999.0-empty-to-avoid-conflict-with-guava/listenablefuture-9999.0-empty-to-avoid-conflict-with-guava.jar:/Users/himanshu/.m2/repository/org/checkerframework/checker-qual/3.37.0/checker-qual-3.37.0.jar:/Users/himanshu/.m2/repository/com/google/errorprone/error_prone_annotations/2.21.1/error_prone_annotations-2.21.1.jar:/Users/himanshu/.m2/repository/com/google/j2objc/j2objc-annotations/2.8/j2objc-annotations-2.8.jar:/Users/himanshu/.m2/repository/io/swagger/swagger-parser/1.0.70/swagger-parser-1.0.70.jar:/Users/himanshu/.m2/repository/io/swagger/swagger-parser-safe-url-resolver/1.0.70/swagger-parser-safe-url-resolver-1.0.70.jar:/Users/himanshu/.m2/repository/io/swagger/swagger-compat-spec-parser/1.0.70/swagger-compat-spec-parser-1.0.70.jar:/Users/himanshu/.m2/repository/com/github/java-json-tools/json-schema-validator/2.2.14/json-schema-validator-2.2.14.jar:/Users/himanshu/.m2/repository/com/github/java-json-tools/jackson-coreutils-equivalence/1.0/jackson-coreutils-equivalence-1.0.jar:/Users/himanshu/.m2/repository/com/github/java-json-tools/json-schema-core/1.2.14/json-schema-core-1.2.14.jar:/Users/himanshu/.m2/repository/com/github/java-json-tools/uri-template/0.10/uri-template-0.10.jar:/Users/himanshu/.m2/repository/org/mozilla/rhino/1.7.7.2/rhino-1.7.7.2.jar:/Users/himanshu/.m2/repository/com/googlecode/libphonenumber/libphonenumber/8.11.1/libphonenumber-8.11.1.jar:/Users/himanshu/.m2/repository/net/sf/jopt-simple/jopt-simple/5.0.4/jopt-simple-5.0.4.jar:/Users/himanshu/.m2/repository/com/github/java-json-tools/json-patch/1.13/json-patch-1.13.jar:/Users/himanshu/.m2/repository/com/github/java-json-tools/msg-simple/1.2/msg-simple-1.2.jar:/Users/himanshu/.m2/repository/com/github/java-json-tools/btf/1.3/btf-1.3.jar:/Users/himanshu/.m2/repository/com/github/java-json-tools/jackson-coreutils/2.0/jackson-coreutils-2.0.jar:/Users/himanshu/.m2/repository/io/swagger/core/v3/swagger-models/2.2.21/swagger-models-2.2.21.jar:/Users/himanshu/.m2/repository/io/swagger/parser/v3/swagger-parser-core/2.1.22/swagger-parser-core-2.1.22.jar:/Users/himanshu/.m2/repository/io/swagger/parser/v3/swagger-parser-v3/2.1.22/swagger-parser-v3-2.1.22.jar:/Users/himanshu/.m2/repository/io/swagger/core/v3/swagger-core/2.2.21/swagger-core-2.2.21.jar:/Users/himanshu/.m2/repository/io/swagger/core/v3/swagger-annotations/2.2.21/swagger-annotations-2.2.21.jar:/Users/himanshu/.m2/repository/io/swagger/parser/v3/swagger-parser-safe-url-resolver/2.1.22/swagger-parser-safe-url-resolver-2.1.22.jar:/Users/himanshu/.m2/repository/com/fasterxml/jackson/dataformat/jackson-dataformat-yaml/2.16.2/jackson-dataformat-yaml-2.16.2.jar:/Users/himanshu/.m2/repository/com/github/mifmif/generex/1.0.2/generex-1.0.2.jar:/Users/himanshu/.m2/repository/dk/brics/automaton/automaton/1.11-8/automaton-1.11-8.jar:/Users/himanshu/.m2/repository/com/squareup/okhttp3/okhttp/4.12.0/okhttp-4.12.0.jar:/Users/himanshu/.m2/repository/com/squareup/okio/okio/3.6.0/okio-3.6.0.jar:/Users/himanshu/.m2/repository/com/squareup/okio/okio-jvm/3.6.0/okio-jvm-3.6.0.jar:/Users/himanshu/.m2/repository/org/jetbrains/kotlin/kotlin-stdlib/1.9.24/kotlin-stdlib-1.9.24.jar:/Users/himanshu/.m2/repository/org/jetbrains/annotations/13.0/annotations-13.0.jar:/Users/himanshu/.m2/repository/io/netty/netty-codec-http/4.1.112.Final/netty-codec-http-4.1.112.Final.jar:/Users/himanshu/.m2/repository/io/netty/netty-common/4.1.112.Final/netty-common-4.1.112.Final.jar:/Users/himanshu/.m2/repository/io/netty/netty-buffer/4.1.112.Final/netty-buffer-4.1.112.Final.jar:/Users/himanshu/.m2/repository/io/netty/netty-transport/4.1.112.Final/netty-transport-4.1.112.Final.jar:/Users/himanshu/.m2/repository/io/netty/netty-resolver/4.1.112.Final/netty-resolver-4.1.112.Final.jar:/Users/himanshu/.m2/repository/io/netty/netty-codec/4.1.112.Final/netty-codec-4.1.112.Final.jar:/Users/himanshu/.m2/repository/io/netty/netty-handler/4.1.112.Final/netty-handler-4.1.112.Final.jar:/Users/himanshu/.m2/repository/io/netty/netty-transport-native-unix-common/4.1.112.Final/netty-transport-native-unix-common-4.1.112.Final.jar:/Users/himanshu/.m2/repository/org/jetbrains/kotlin/kotlin-maven-serialization/1.9.24/kotlin-maven-serialization-1.9.24.jar:/Users/himanshu/.m2/repository/org/jetbrains/kotlin/kotlin-serialization-compiler-plugin/1.9.24/kotlin-serialization-compiler-plugin-1.9.24.jar:/Users/himanshu/.m2/repository/org/jetbrains/kotlinx/kotlinx-serialization-json-jvm/1.6.3/kotlinx-serialization-json-jvm-1.6.3.jar:/Users/himanshu/.m2/repository/org/jetbrains/kotlinx/kotlinx-serialization-core-jvm/1.6.3/kotlinx-serialization-core-jvm-1.6.3.jar:/Users/himanshu/.m2/repository/com/fasterxml/jackson/core/jackson-databind/2.17.2/jackson-databind-2.17.2.jar:/Users/himanshu/.m2/repository/com/fasterxml/jackson/core/jackson-annotations/2.17.2/jackson-annotations-2.17.2.jar:/Users/himanshu/.m2/repository/com/fasterxml/jackson/core/jackson-core/2.17.2/jackson-core-2.17.2.jar:/Users/himanshu/.m2/repository/io/ktor/ktor-client-core-jvm/2.3.12/ktor-client-core-jvm-2.3.12.jar:/Users/himanshu/.m2/repository/org/jetbrains/kotlinx/kotlinx-coroutines-jdk8/1.7.1/kotlinx-coroutines-jdk8-1.7.1.jar:/Users/himanshu/.m2/repository/org/jetbrains/kotlinx/kotlinx-coroutines-core-jvm/1.7.1/kotlinx-coroutines-core-jvm-1.7.1.jar:/Users/himanshu/.m2/repository/io/ktor/ktor-http-jvm/2.3.12/ktor-http-jvm-2.3.12.jar:/Users/himanshu/.m2/repository/io/ktor/ktor-events-jvm/2.3.12/ktor-events-jvm-2.3.12.jar:/Users/himanshu/.m2/repository/io/ktor/ktor-websocket-serialization-jvm/2.3.12/ktor-websocket-serialization-jvm-2.3.12.jar:/Users/himanshu/.m2/repository/org/jetbrains/kotlinx/kotlinx-coroutines-slf4j/1.7.1/kotlinx-coroutines-slf4j-1.7.1.jar:/Users/himanshu/.m2/repository/io/ktor/ktor-client-cio-jvm/2.3.12/ktor-client-cio-jvm-2.3.12.jar:/Users/himanshu/.m2/repository/io/ktor/ktor-http-cio-jvm/2.3.12/ktor-http-cio-jvm-2.3.12.jar:/Users/himanshu/.m2/repository/io/ktor/ktor-network-jvm/2.3.12/ktor-network-jvm-2.3.12.jar:/Users/himanshu/.m2/repository/io/ktor/ktor-websockets-jvm/2.3.12/ktor-websockets-jvm-2.3.12.jar:/Users/himanshu/.m2/repository/io/ktor/ktor-network-tls-jvm/2.3.12/ktor-network-tls-jvm-2.3.12.jar:/Users/himanshu/.m2/repository/org/junit/platform/junit-platform-launcher/1.10.3/junit-platform-launcher-1.10.3.jar:/Users/himanshu/.m2/repository/org/junit/platform/junit-platform-reporting/1.10.3/junit-platform-reporting-1.10.3.jar:/Users/himanshu/.m2/repository/org/fusesource/jansi/jansi/2.4.1/jansi-2.4.1.jar:/Users/himanshu/.m2/repository/org/jetbrains/kotlin/kotlin-reflect/1.9.24/kotlin-reflect-1.9.24.jar:/Users/himanshu/.m2/repository/org/jetbrains/kotlin/kotlin-stdlib-jdk8/1.9.24/kotlin-stdlib-jdk8-1.9.24.jar:/Users/himanshu/.m2/repository/org/jetbrains/kotlin/kotlin-stdlib-jdk7/1.9.24/kotlin-stdlib-jdk7-1.9.24.jar:/Users/himanshu/.m2/repository/org/jetbrains/kotlin/kotlin-test-junit5/1.9.24/kotlin-test-junit5-1.9.24.jar:/Users/himanshu/.m2/repository/org/jetbrains/kotlin/kotlin-test/1.9.24/kotlin-test-1.9.24.jar:/Users/himanshu/.m2/repository/io/mockk/mockk-jvm/1.13.9/mockk-jvm-1.13.9.jar:/Users/himanshu/.m2/repository/io/mockk/mockk-dsl-jvm/1.13.9/mockk-dsl-jvm-1.13.9.jar:/Users/himanshu/.m2/repository/io/mockk/mockk-agent-jvm/1.13.9/mockk-agent-jvm-1.13.9.jar:/Users/himanshu/.m2/repository/io/mockk/mockk-agent-api-jvm/1.13.9/mockk-agent-api-jvm-1.13.9.jar:/Users/himanshu/.m2/repository/io/mockk/mockk-core-jvm/1.13.9/mockk-core-jvm-1.13.9.jar:/Users/himanshu/.m2/repository/org/jetbrains/kotlin/kotlin-stdlib-common/1.9.10/kotlin-stdlib-common-1.9.10.jar:/Users/himanshu/.m2/repository/junit/junit/4.13.2/junit-4.13.2.jar:/Users/himanshu/.m2/repository/org/hamcrest/hamcrest-core/1.3/hamcrest-core-1.3.jar:/Users/himanshu/.m2/repository/org/jetbrains/kotlinx/kotlinx-coroutines-core/1.6.4/kotlinx-coroutines-core-1.6.4.jar:"/>
    <property name="java.vm.vendor" value="Homebrew"/>
    <property name="sun.arch.data.model" value="64"/>
    <property name="java.vendor.url" value="https://github.com/Homebrew/homebrew-core/issues"/>
    <property name="os.name" value="Mac OS X"/>
    <property name="java.vm.specification.version" value="22"/>
    <property name="sun.java.launcher" value="SUN_STANDARD"/>
    <property name="user.country" value="IN"/>
    <property name="sun.boot.library.path" value="/usr/local/Cellar/openjdk/22.0.2/libexec/openjdk.jdk/Contents/Home/lib"/>
    <property name="sun.java.command" value="/Users/himanshu/Downloads/coding-test/target/surefire/surefirebooter10631047228459527497.jar /Users/himanshu/Downloads/coding-test/target/surefire 2024-09-12T21-37-09_135-jvmRun1 surefire1657163641545589205tmp surefire_013495749614398522124tmp"/>
    <property name="http.nonProxyHosts" value="local|*.local|169.254/16|*.169.254/16"/>
    <property name="jdk.debug" value="release"/>
    <property name="surefire.test.class.path" value="/Users/himanshu/Downloads/coding-test/target/test-classes:/Users/himanshu/Downloads/coding-test/target/classes:/Users/himanshu/.m2/repository/org/springframework/boot/spring-boot-starter-actuator/3.3.0/spring-boot-starter-actuator-3.3.0.jar:/Users/himanshu/.m2/repository/org/springframework/boot/spring-boot-actuator-autoconfigure/3.3.0/spring-boot-actuator-autoconfigure-3.3.0.jar:/Users/himanshu/.m2/repository/org/springframework/boot/spring-boot-actuator/3.3.0/spring-boot-actuator-3.3.0.jar:/Users/himanshu/.m2/repository/com/fasterxml/jackson/datatype/jackson-datatype-jsr310/2.17.1/jackson-datatype-jsr310-2.17.1.jar:/Users/himanshu/.m2/repository/io/micrometer/micrometer-observation/1.13.0/micrometer-observation-1.13.0.jar:/Users/himanshu/.m2/repository/io/micrometer/micrometer-commons/1.13.0/micrometer-commons-1.13.0.jar:/Users/himanshu/.m2/repository/io/micrometer/micrometer-jakarta9/1.13.0/micrometer-jakarta9-1.13.0.jar:/Users/himanshu/.m2/repository/io/micrometer/micrometer-core/1.13.0/micrometer-core-1.13.0.jar:/Users/himanshu/.m2/repository/org/hdrhistogram/HdrHistogram/2.2.1/HdrHistogram-2.2.1.jar:/Users/himanshu/.m2/repository/org/latencyutils/LatencyUtils/2.0.3/LatencyUtils-2.0.3.jar:/Users/himanshu/.m2/repository/javax/validation/validation-api/2.0.1.Final/validation-api-2.0.1.Final.jar:/Users/himanshu/.m2/repository/org/springframework/boot/spring-boot-starter/3.3.0/spring-boot-starter-3.3.0.jar:/Users/himanshu/.m2/repository/org/springframework/boot/spring-boot/3.3.0/spring-boot-3.3.0.jar:/Users/himanshu/.m2/repository/org/springframework/boot/spring-boot-autoconfigure/3.3.0/spring-boot-autoconfigure-3.3.0.jar:/Users/himanshu/.m2/repository/org/springframework/boot/spring-boot-starter-logging/3.3.0/spring-boot-starter-logging-3.3.0.jar:/Users/himanshu/.m2/repository/org/apache/logging/log4j/log4j-to-slf4j/2.23.1/log4j-to-slf4j-2.23.1.jar:/Users/himanshu/.m2/repository/org/apache/logging/log4j/log4j-api/2.23.1/log4j-api-2.23.1.jar:/Users/himanshu/.m2/repository/org/slf4j/jul-to-slf4j/2.0.13/jul-to-slf4j-2.0.13.jar:/Users/himanshu/.m2/repository/jakarta/annotation/jakarta.annotation-api/2.1.1/jakarta.annotation-api-2.1.1.jar:/Users/himanshu/.m2/repository/org/springframework/spring-core/6.1.8/spring-core-6.1.8.jar:/Users/himanshu/.m2/repository/org/springframework/spring-jcl/6.1.8/spring-jcl-6.1.8.jar:/Users/himanshu/.m2/repository/org/yaml/snakeyaml/2.2/snakeyaml-2.2.jar:/Users/himanshu/.m2/repository/org/springframework/boot/spring-boot-starter-web/3.3.0/spring-boot-starter-web-3.3.0.jar:/Users/himanshu/.m2/repository/org/springframework/boot/spring-boot-starter-json/3.3.0/spring-boot-starter-json-3.3.0.jar:/Users/himanshu/.m2/repository/com/fasterxml/jackson/datatype/jackson-datatype-jdk8/2.17.1/jackson-datatype-jdk8-2.17.1.jar:/Users/himanshu/.m2/repository/com/fasterxml/jackson/module/jackson-module-parameter-names/2.17.1/jackson-module-parameter-names-2.17.1.jar:/Users/himanshu/.m2/repository/org/springframework/boot/spring-boot-starter-tomcat/3.3.0/spring-boot-starter-tomcat-3.3.0.jar:/Users/himanshu/.m2/repository/org/apache/tomcat/embed/tomcat-embed-core/10.1.24/tomcat-embed-core-10.1.24.jar:/Users/himanshu/.m2/repository/org/apache/tomcat/embed/tomcat-embed-websocket/10.1.24/tomcat-embed-websocket-10.1.24.jar:/Users/himanshu/.m2/repository/org/springframework/spring-web/6.1.8/spring-web-6.1.8.jar:/Users/himanshu/.m2/repository/org/springframework/spring-beans/6.1.8/spring-beans-6.1.8.jar:/Users/himanshu/.m2/repository/org/springframework/spring-webmvc/6.1.8/spring-webmvc-6.1.8.jar:/Users/himanshu/.m2/repository/org/springframework/spring-aop/6.1.8/spring-aop-6.1.8.jar:/Users/himanshu/.m2/repository/org/springframework/spring-expression/6.1.8/spring-expression-6.1.8.jar:/Users/himanshu/.m2/repository/org/springframework/boot/spring-boot-starter-validation/3.3.0/spring-boot-starter-validation-3.3.0.jar:/Users/himanshu/.m2/repository/org/apache/tomcat/embed/tomcat-embed-el/10.1.24/tomcat-embed-el-10.1.24.jar:/Users/himanshu/.m2/repository/org/hibernate/validator/hibernate-validator/8.0.1.Final/hibernate-validator-8.0.1.Final.jar:/Users/himanshu/.m2/repository/jakarta/validation/jakarta.validation-api/3.0.2/jakarta.validation-api-3.0.2.jar:/Users/himanshu/.m2/repository/org/jboss/logging/jboss-logging/3.4.3.Final/jboss-logging-3.4.3.Final.jar:/Users/himanshu/.m2/repository/com/fasterxml/classmate/1.5.1/classmate-1.5.1.jar:/Users/himanshu/.m2/repository/org/springframework/boot/spring-boot-starter-test/3.3.0/spring-boot-starter-test-3.3.0.jar:/Users/himanshu/.m2/repository/org/springframework/boot/spring-boot-test/3.3.0/spring-boot-test-3.3.0.jar:/Users/himanshu/.m2/repository/org/springframework/boot/spring-boot-test-autoconfigure/3.3.0/spring-boot-test-autoconfigure-3.3.0.jar:/Users/himanshu/.m2/repository/com/jayway/jsonpath/json-path/2.9.0/json-path-2.9.0.jar:/Users/himanshu/.m2/repository/org/slf4j/slf4j-api/2.0.11/slf4j-api-2.0.11.jar:/Users/himanshu/.m2/repository/jakarta/xml/bind/jakarta.xml.bind-api/4.0.2/jakarta.xml.bind-api-4.0.2.jar:/Users/himanshu/.m2/repository/jakarta/activation/jakarta.activation-api/2.1.3/jakarta.activation-api-2.1.3.jar:/Users/himanshu/.m2/repository/net/minidev/json-smart/2.5.1/json-smart-2.5.1.jar:/Users/himanshu/.m2/repository/net/minidev/accessors-smart/2.5.1/accessors-smart-2.5.1.jar:/Users/himanshu/.m2/repository/org/assertj/assertj-core/3.25.3/assertj-core-3.25.3.jar:/Users/himanshu/.m2/repository/net/bytebuddy/byte-buddy/1.14.11/byte-buddy-1.14.11.jar:/Users/himanshu/.m2/repository/org/awaitility/awaitility/4.2.1/awaitility-4.2.1.jar:/Users/himanshu/.m2/repository/org/hamcrest/hamcrest/2.2/hamcrest-2.2.jar:/Users/himanshu/.m2/repository/org/junit/jupiter/junit-jupiter/5.10.2/junit-jupiter-5.10.2.jar:/Users/himanshu/.m2/repository/org/junit/jupiter/junit-jupiter-params/5.10.2/junit-jupiter-params-5.10.2.jar:/Users/himanshu/.m2/repository/org/mockito/mockito-core/5.11.0/mockito-core-5.11.0.jar:/Users/himanshu/.m2/repository/net/bytebuddy/byte-buddy-agent/1.14.12/byte-buddy-agent-1.14.12.jar:/Users/himanshu/.m2/repository/org/objenesis/objenesis/3.3/objenesis-3.3.jar:/Users/himanshu/.m2/repository/org/mockito/mockito-junit-jupiter/5.11.0/mockito-junit-jupiter-5.11.0.jar:/Users/himanshu/.m2/repository/org/skyscreamer/jsonassert/1.5.1/jsonassert-1.5.1.jar:/Users/himanshu/.m2/repository/com/vaadin/external/google/android-json/0.0.20131108.vaadin1/android-json-0.0.20131108.vaadin1.jar:/Users/himanshu/.m2/repository/org/springframework/spring-test/6.1.8/spring-test-6.1.8.jar:/Users/himanshu/.m2/repository/org/xmlunit/xmlunit-core/2.9.1/xmlunit-core-2.9.1.jar:/Users/himanshu/.m2/repository/org/springframework/boot/spring-boot-maven-plugin/3.3.0/spring-boot-maven-plugin-3.3.0.jar:/Users/himanshu/.m2/repository/org/springframework/boot/spring-boot-buildpack-platform/3.3.0/spring-boot-buildpack-platform-3.3.0.jar:/Users/himanshu/.m2/repository/net/java/dev/jna/jna-platform/5.13.0/jna-platform-5.13.0.jar:/Users/himanshu/.m2/repository/net/java/dev/jna/jna/5.13.0/jna-5.13.0.jar:/Users/himanshu/.m2/repository/org/apache/commons/commons-compress/1.25.0/commons-compress-1.25.0.jar:/Users/himanshu/.m2/repository/org/apache/httpcomponents/client5/httpclient5/5.3.1/httpclient5-5.3.1.jar:/Users/himanshu/.m2/repository/org/apache/httpcomponents/core5/httpcore5/5.2.4/httpcore5-5.2.4.jar:/Users/himanshu/.m2/repository/org/apache/httpcomponents/core5/httpcore5-h2/5.2.4/httpcore5-h2-5.2.4.jar:/Users/himanshu/.m2/repository/org/tomlj/tomlj/1.0.0/tomlj-1.0.0.jar:/Users/himanshu/.m2/repository/org/antlr/antlr4-runtime/4.7.2/antlr4-runtime-4.7.2.jar:/Users/himanshu/.m2/repository/com/google/code/findbugs/jsr305/3.0.2/jsr305-3.0.2.jar:/Users/himanshu/.m2/repository/org/springframework/boot/spring-boot-loader-tools/3.3.0/spring-boot-loader-tools-3.3.0.jar:/Users/himanshu/.m2/repository/org/apache/maven/shared/maven-common-artifact-filters/3.3.2/maven-common-artifact-filters-3.3.2.jar:/Users/himanshu/.m2/repository/org/springframework/spring-context/6.1.8/spring-context-6.1.8.jar:/Users/himanshu/.m2/repository/org/sonatype/plexus/plexus-build-api/0.0.7/plexus-build-api-0.0.7.jar:/Users/himanshu/.m2/repository/org/codehaus/plexus/plexus-utils/1.5.8/plexus-utils-1.5.8.jar:/Users/himanshu/.m2/repository/org/junit/jupiter/junit-jupiter-engine/5.10.2/junit-jupiter-engine-5.10.2.jar:/Users/himanshu/.m2/repository/org/junit/platform/junit-platform-engine/1.10.2/junit-platform-engine-1.10.2.jar:/Users/himanshu/.m2/repository/org/apiguardian/apiguardian-api/1.1.2/apiguardian-api-1.1.2.jar:/Users/himanshu/.m2/repository/org/junit/jupiter/junit-jupiter-api/5.10.2/junit-jupiter-api-5.10.2.jar:/Users/himanshu/.m2/repository/org/opentest4j/opentest4j/1.3.0/opentest4j-1.3.0.jar:/Users/himanshu/.m2/repository/org/junit/platform/junit-platform-commons/1.10.2/junit-platform-commons-1.10.2.jar:/Users/himanshu/.m2/repository/org/apache/maven/plugins/maven-surefire-plugin/2.22.2/maven-surefire-plugin-2.22.2.jar:/Users/himanshu/.m2/repository/org/apache/maven/surefire/maven-surefire-common/2.22.2/maven-surefire-common-2.22.2.jar:/Users/himanshu/.m2/repository/org/apache/maven/plugin-tools/maven-plugin-annotations/3.5.2/maven-plugin-annotations-3.5.2.jar:/Users/himanshu/.m2/repository/org/apache/maven/surefire/surefire-api/2.22.2/surefire-api-2.22.2.jar:/Users/himanshu/.m2/repository/org/apache/maven/surefire/surefire-logger-api/2.22.2/surefire-logger-api-2.22.2.jar:/Users/himanshu/.m2/repository/org/apache/maven/surefire/surefire-booter/2.22.2/surefire-booter-2.22.2.jar:/Users/himanshu/.m2/repository/org/apache/maven/maven-plugin-descriptor/2.2.1/maven-plugin-descriptor-2.2.1.jar:/Users/himanshu/.m2/repository/org/codehaus/plexus/plexus-container-default/1.0-alpha-9-stable-1/plexus-container-default-1.0-alpha-9-stable-1.jar:/Users/himanshu/.m2/repository/classworlds/classworlds/1.1-alpha-2/classworlds-1.1-alpha-2.jar:/Users/himanshu/.m2/repository/org/apache/maven/maven-project/2.2.1/maven-project-2.2.1.jar:/Users/himanshu/.m2/repository/org/apache/maven/maven-profile/2.2.1/maven-profile-2.2.1.jar:/Users/himanshu/.m2/repository/org/apache/maven/maven-artifact-manager/2.2.1/maven-artifact-manager-2.2.1.jar:/Users/himanshu/.m2/repository/org/apache/maven/wagon/wagon-provider-api/1.0-beta-6/wagon-provider-api-1.0-beta-6.jar:/Users/himanshu/.m2/repository/backport-util-concurrent/backport-util-concurrent/3.1/backport-util-concurrent-3.1.jar:/Users/himanshu/.m2/repository/org/apache/maven/maven-plugin-registry/2.2.1/maven-plugin-registry-2.2.1.jar:/Users/himanshu/.m2/repository/org/apache/maven/maven-model/2.2.1/maven-model-2.2.1.jar:/Users/himanshu/.m2/repository/org/apache/maven/maven-toolchain/2.2.1/maven-toolchain-2.2.1.jar:/Users/himanshu/.m2/repository/org/apache/maven/plugins/maven-compiler-plugin/3.8.1/maven-compiler-plugin-3.8.1.jar:/Users/himanshu/.m2/repository/org/apache/maven/maven-plugin-api/3.0/maven-plugin-api-3.0.jar:/Users/himanshu/.m2/repository/org/sonatype/sisu/sisu-inject-plexus/1.4.2/sisu-inject-plexus-1.4.2.jar:/Users/himanshu/.m2/repository/org/sonatype/sisu/sisu-inject-bean/1.4.2/sisu-inject-bean-1.4.2.jar:/Users/himanshu/.m2/repository/org/sonatype/sisu/sisu-guice/2.1.7/sisu-guice-2.1.7-noaop.jar:/Users/himanshu/.m2/repository/org/apache/maven/maven-artifact/3.0/maven-artifact-3.0.jar:/Users/himanshu/.m2/repository/org/apache/maven/maven-core/3.0/maven-core-3.0.jar:/Users/himanshu/.m2/repository/org/apache/maven/maven-settings/3.0/maven-settings-3.0.jar:/Users/himanshu/.m2/repository/org/apache/maven/maven-settings-builder/3.0/maven-settings-builder-3.0.jar:/Users/himanshu/.m2/repository/org/apache/maven/maven-repository-metadata/3.0/maven-repository-metadata-3.0.jar:/Users/himanshu/.m2/repository/org/apache/maven/maven-model-builder/3.0/maven-model-builder-3.0.jar:/Users/himanshu/.m2/repository/org/apache/maven/maven-aether-provider/3.0/maven-aether-provider-3.0.jar:/Users/himanshu/.m2/repository/org/sonatype/aether/aether-impl/1.7/aether-impl-1.7.jar:/Users/himanshu/.m2/repository/org/sonatype/aether/aether-spi/1.7/aether-spi-1.7.jar:/Users/himanshu/.m2/repository/org/sonatype/aether/aether-api/1.7/aether-api-1.7.jar:/Users/himanshu/.m2/repository/org/sonatype/aether/aether-util/1.7/aether-util-1.7.jar:/Users/himanshu/.m2/repository/org/codehaus/plexus/plexus-interpolation/1.14/plexus-interpolation-1.14.jar:/Users/himanshu/.m2/repository/org/codehaus/plexus/plexus-classworlds/2.2.3/plexus-classworlds-2.2.3.jar:/Users/himanshu/.m2/repository/org/codehaus/plexus/plexus-component-annotations/1.5.5/plexus-component-annotations-1.5.5.jar:/Users/himanshu/.m2/repository/org/sonatype/plexus/plexus-sec-dispatcher/1.3/plexus-sec-dispatcher-1.3.jar:/Users/himanshu/.m2/repository/org/sonatype/plexus/plexus-cipher/1.4/plexus-cipher-1.4.jar:/Users/himanshu/.m2/repository/org/apache/maven/shared/maven-shared-utils/3.2.1/maven-shared-utils-3.2.1.jar:/Users/himanshu/.m2/repository/commons-io/commons-io/2.5/commons-io-2.5.jar:/Users/himanshu/.m2/repository/org/apache/maven/shared/maven-shared-incremental/1.1/maven-shared-incremental-1.1.jar:/Users/himanshu/.m2/repository/org/codehaus/plexus/plexus-java/0.9.10/plexus-java-0.9.10.jar:/Users/himanshu/.m2/repository/org/ow2/asm/asm/6.2/asm-6.2.jar:/Users/himanshu/.m2/repository/com/thoughtworks/qdox/qdox/2.0-M8/qdox-2.0-M8.jar:/Users/himanshu/.m2/repository/org/codehaus/plexus/plexus-compiler-api/2.8.4/plexus-compiler-api-2.8.4.jar:/Users/himanshu/.m2/repository/org/codehaus/plexus/plexus-compiler-manager/2.8.4/plexus-compiler-manager-2.8.4.jar:/Users/himanshu/.m2/repository/org/codehaus/plexus/plexus-compiler-javac/2.8.4/plexus-compiler-javac-2.8.4.jar:/Users/himanshu/.m2/repository/io/specmatic/junit5-support/2.0.8/junit5-support-2.0.8.jar:/Users/himanshu/.m2/repository/io/specmatic/specmatic-core/2.0.8/specmatic-core-2.0.8.jar:/Users/himanshu/.m2/repository/joda-time/joda-time/2.12.7/joda-time-2.12.7.jar:/Users/himanshu/.m2/repository/io/cucumber/gherkin/22.0.0/gherkin-22.0.0.jar:/Users/himanshu/.m2/repository/io/cucumber/messages/17.1.1/messages-17.1.1.jar:/Users/himanshu/.m2/repository/io/ktor/ktor-server-netty-jvm/2.3.12/ktor-server-netty-jvm-2.3.12.jar:/Users/himanshu/.m2/repository/io/ktor/ktor-server-host-common-jvm/2.3.12/ktor-server-host-common-jvm-2.3.12.jar:/Users/himanshu/.m2/repository/io/netty/netty-codec-http2/4.1.111.Final/netty-codec-http2-4.1.111.Final.jar:/Users/himanshu/.m2/repository/org/eclipse/jetty/alpn/alpn-api/1.1.3.v20160715/alpn-api-1.1.3.v20160715.jar:/Users/himanshu/.m2/repository/io/netty/netty-transport-native-kqueue/4.1.111.Final/netty-transport-native-kqueue-4.1.111.Final.jar:/Users/himanshu/.m2/repository/io/netty/netty-transport-classes-kqueue/4.1.111.Final/netty-transport-classes-kqueue-4.1.111.Final.jar:/Users/himanshu/.m2/repository/io/netty/netty-transport-native-epoll/4.1.111.Final/netty-transport-native-epoll-4.1.111.Final.jar:/Users/himanshu/.m2/repository/io/netty/netty-transport-classes-epoll/4.1.111.Final/netty-transport-classes-epoll-4.1.111.Final.jar:/Users/himanshu/.m2/repository/io/ktor/ktor-server-core-jvm/2.3.12/ktor-server-core-jvm-2.3.12.jar:/Users/himanshu/.m2/repository/com/typesafe/config/1.4.3/config-1.4.3.jar:/Users/himanshu/.m2/repository/io/ktor/ktor-utils-jvm/2.3.12/ktor-utils-jvm-2.3.12.jar:/Users/himanshu/.m2/repository/io/ktor/ktor-io-jvm/2.3.12/ktor-io-jvm-2.3.12.jar:/Users/himanshu/.m2/repository/io/ktor/ktor-serialization-jvm/2.3.12/ktor-serialization-jvm-2.3.12.jar:/Users/himanshu/.m2/repository/io/ktor/ktor-client-apache-jvm/2.3.12/ktor-client-apache-jvm-2.3.12.jar:/Users/himanshu/.m2/repository/org/apache/httpcomponents/httpasyncclient/4.1.5/httpasyncclient-4.1.5.jar:/Users/himanshu/.m2/repository/org/apache/httpcomponents/httpcore/4.4.15/httpcore-4.4.15.jar:/Users/himanshu/.m2/repository/org/apache/httpcomponents/httpcore-nio/4.4.15/httpcore-nio-4.4.15.jar:/Users/himanshu/.m2/repository/org/apache/httpcomponents/httpclient/4.5.13/httpclient-4.5.13.jar:/Users/himanshu/.m2/repository/commons-logging/commons-logging/1.2/commons-logging-1.2.jar:/Users/himanshu/.m2/repository/io/ktor/ktor-server-cors-jvm/2.3.12/ktor-server-cors-jvm-2.3.12.jar:/Users/himanshu/.m2/repository/io/ktor/ktor-server-double-receive-jvm/2.3.12/ktor-server-double-receive-jvm-2.3.12.jar:/Users/himanshu/.m2/repository/org/eclipse/jgit/org.eclipse.jgit/6.10.0.202406032230-r/org.eclipse.jgit-6.10.0.202406032230-r.jar:/Users/himanshu/.m2/repository/com/googlecode/javaewah/JavaEWAH/1.2.3/JavaEWAH-1.2.3.jar:/Users/himanshu/.m2/repository/commons-codec/commons-codec/1.17.0/commons-codec-1.17.0.jar:/Users/himanshu/.m2/repository/org/eclipse/jgit/org.eclipse.jgit.ssh.apache/6.10.0.202406032230-r/org.eclipse.jgit.ssh.apache-6.10.0.202406032230-r.jar:/Users/himanshu/.m2/repository/org/apache/sshd/sshd-osgi/2.12.1/sshd-osgi-2.12.1.jar:/Users/himanshu/.m2/repository/org/slf4j/jcl-over-slf4j/1.7.32/jcl-over-slf4j-1.7.32.jar:/Users/himanshu/.m2/repository/org/apache/sshd/sshd-sftp/2.12.1/sshd-sftp-2.12.1.jar:/Users/himanshu/.m2/repository/net/i2p/crypto/eddsa/0.3.0/eddsa-0.3.0.jar:/Users/himanshu/.m2/repository/com/flipkart/zjsonpatch/zjsonpatch/0.4.16/zjsonpatch-0.4.16.jar:/Users/himanshu/.m2/repository/org/apache/commons/commons-collections4/4.4/commons-collections4-4.4.jar:/Users/himanshu/.m2/repository/io/swagger/parser/v3/swagger-parser/2.1.22/swagger-parser-2.1.22.jar:/Users/himanshu/.m2/repository/io/swagger/parser/v3/swagger-parser-v2-converter/2.1.22/swagger-parser-v2-converter-2.1.22.jar:/Users/himanshu/.m2/repository/io/swagger/swagger-core/1.6.14/swagger-core-1.6.14.jar:/Users/himanshu/.m2/repository/org/apache/commons/commons-lang3/3.14.0/commons-lang3-3.14.0.jar:/Users/himanshu/.m2/repository/io/swagger/swagger-models/1.6.14/swagger-models-1.6.14.jar:/Users/himanshu/.m2/repository/io/swagger/swagger-annotations/1.6.14/swagger-annotations-1.6.14.jar:/Users/himanshu/.m2/repository/com/google/guava/guava/32.1.3-android/guava-32.1.3-android.jar:/Users/himanshu/.m2/repository/com/google/guava/failureaccess/1.0.1/failureaccess-1.0.1.jar:/Users/himanshu/.m2/repository/com/google/guava/listenablefuture/9999.0-empty-to-avoid-conflict-with-guava/listenablefuture-9999.0-empty-to-avoid-conflict-with-guava.jar:/Users/himanshu/.m2/repository/org/checkerframework/checker-qual/3.37.0/checker-qual-3.37.0.jar:/Users/himanshu/.m2/repository/com/google/errorprone/error_prone_annotations/2.21.1/error_prone_annotations-2.21.1.jar:/Users/himanshu/.m2/repository/com/google/j2objc/j2objc-annotations/2.8/j2objc-annotations-2.8.jar:/Users/himanshu/.m2/repository/io/swagger/swagger-parser/1.0.70/swagger-parser-1.0.70.jar:/Users/himanshu/.m2/repository/io/swagger/swagger-parser-safe-url-resolver/1.0.70/swagger-parser-safe-url-resolver-1.0.70.jar:/Users/himanshu/.m2/repository/io/swagger/swagger-compat-spec-parser/1.0.70/swagger-compat-spec-parser-1.0.70.jar:/Users/himanshu/.m2/repository/com/github/java-json-tools/json-schema-validator/2.2.14/json-schema-validator-2.2.14.jar:/Users/himanshu/.m2/repository/com/github/java-json-tools/jackson-coreutils-equivalence/1.0/jackson-coreutils-equivalence-1.0.jar:/Users/himanshu/.m2/repository/com/github/java-json-tools/json-schema-core/1.2.14/json-schema-core-1.2.14.jar:/Users/himanshu/.m2/repository/com/github/java-json-tools/uri-template/0.10/uri-template-0.10.jar:/Users/himanshu/.m2/repository/org/mozilla/rhino/1.7.7.2/rhino-1.7.7.2.jar:/Users/himanshu/.m2/repository/com/googlecode/libphonenumber/libphonenumber/8.11.1/libphonenumber-8.11.1.jar:/Users/himanshu/.m2/repository/net/sf/jopt-simple/jopt-simple/5.0.4/jopt-simple-5.0.4.jar:/Users/himanshu/.m2/repository/com/github/java-json-tools/json-patch/1.13/json-patch-1.13.jar:/Users/himanshu/.m2/repository/com/github/java-json-tools/msg-simple/1.2/msg-simple-1.2.jar:/Users/himanshu/.m2/repository/com/github/java-json-tools/btf/1.3/btf-1.3.jar:/Users/himanshu/.m2/repository/com/github/java-json-tools/jackson-coreutils/2.0/jackson-coreutils-2.0.jar:/Users/himanshu/.m2/repository/io/swagger/core/v3/swagger-models/2.2.21/swagger-models-2.2.21.jar:/Users/himanshu/.m2/repository/io/swagger/parser/v3/swagger-parser-core/2.1.22/swagger-parser-core-2.1.22.jar:/Users/himanshu/.m2/repository/io/swagger/parser/v3/swagger-parser-v3/2.1.22/swagger-parser-v3-2.1.22.jar:/Users/himanshu/.m2/repository/io/swagger/core/v3/swagger-core/2.2.21/swagger-core-2.2.21.jar:/Users/himanshu/.m2/repository/io/swagger/core/v3/swagger-annotations/2.2.21/swagger-annotations-2.2.21.jar:/Users/himanshu/.m2/repository/io/swagger/parser/v3/swagger-parser-safe-url-resolver/2.1.22/swagger-parser-safe-url-resolver-2.1.22.jar:/Users/himanshu/.m2/repository/com/fasterxml/jackson/dataformat/jackson-dataformat-yaml/2.16.2/jackson-dataformat-yaml-2.16.2.jar:/Users/himanshu/.m2/repository/com/github/mifmif/generex/1.0.2/generex-1.0.2.jar:/Users/himanshu/.m2/repository/dk/brics/automaton/automaton/1.11-8/automaton-1.11-8.jar:/Users/himanshu/.m2/repository/com/squareup/okhttp3/okhttp/4.12.0/okhttp-4.12.0.jar:/Users/himanshu/.m2/repository/com/squareup/okio/okio/3.6.0/okio-3.6.0.jar:/Users/himanshu/.m2/repository/com/squareup/okio/okio-jvm/3.6.0/okio-jvm-3.6.0.jar:/Users/himanshu/.m2/repository/org/jetbrains/kotlin/kotlin-stdlib/1.9.24/kotlin-stdlib-1.9.24.jar:/Users/himanshu/.m2/repository/org/jetbrains/annotations/13.0/annotations-13.0.jar:/Users/himanshu/.m2/repository/io/netty/netty-codec-http/4.1.112.Final/netty-codec-http-4.1.112.Final.jar:/Users/himanshu/.m2/repository/io/netty/netty-common/4.1.112.Final/netty-common-4.1.112.Final.jar:/Users/himanshu/.m2/repository/io/netty/netty-buffer/4.1.112.Final/netty-buffer-4.1.112.Final.jar:/Users/himanshu/.m2/repository/io/netty/netty-transport/4.1.112.Final/netty-transport-4.1.112.Final.jar:/Users/himanshu/.m2/repository/io/netty/netty-resolver/4.1.112.Final/netty-resolver-4.1.112.Final.jar:/Users/himanshu/.m2/repository/io/netty/netty-codec/4.1.112.Final/netty-codec-4.1.112.Final.jar:/Users/himanshu/.m2/repository/io/netty/netty-handler/4.1.112.Final/netty-handler-4.1.112.Final.jar:/Users/himanshu/.m2/repository/io/netty/netty-transport-native-unix-common/4.1.112.Final/netty-transport-native-unix-common-4.1.112.Final.jar:/Users/himanshu/.m2/repository/org/jetbrains/kotlin/kotlin-maven-serialization/1.9.24/kotlin-maven-serialization-1.9.24.jar:/Users/himanshu/.m2/repository/org/jetbrains/kotlin/kotlin-serialization-compiler-plugin/1.9.24/kotlin-serialization-compiler-plugin-1.9.24.jar:/Users/himanshu/.m2/repository/org/jetbrains/kotlinx/kotlinx-serialization-json-jvm/1.6.3/kotlinx-serialization-json-jvm-1.6.3.jar:/Users/himanshu/.m2/repository/org/jetbrains/kotlinx/kotlinx-serialization-core-jvm/1.6.3/kotlinx-serialization-core-jvm-1.6.3.jar:/Users/himanshu/.m2/repository/com/fasterxml/jackson/core/jackson-databind/2.17.2/jackson-databind-2.17.2.jar:/Users/himanshu/.m2/repository/com/fasterxml/jackson/core/jackson-annotations/2.17.2/jackson-annotations-2.17.2.jar:/Users/himanshu/.m2/repository/com/fasterxml/jackson/core/jackson-core/2.17.2/jackson-core-2.17.2.jar:/Users/himanshu/.m2/repository/io/ktor/ktor-client-core-jvm/2.3.12/ktor-client-core-jvm-2.3.12.jar:/Users/himanshu/.m2/repository/org/jetbrains/kotlinx/kotlinx-coroutines-jdk8/1.7.1/kotlinx-coroutines-jdk8-1.7.1.jar:/Users/himanshu/.m2/repository/org/jetbrains/kotlinx/kotlinx-coroutines-core-jvm/1.7.1/kotlinx-coroutines-core-jvm-1.7.1.jar:/Users/himanshu/.m2/repository/io/ktor/ktor-http-jvm/2.3.12/ktor-http-jvm-2.3.12.jar:/Users/himanshu/.m2/repository/io/ktor/ktor-events-jvm/2.3.12/ktor-events-jvm-2.3.12.jar:/Users/himanshu/.m2/repository/io/ktor/ktor-websocket-serialization-jvm/2.3.12/ktor-websocket-serialization-jvm-2.3.12.jar:/Users/himanshu/.m2/repository/org/jetbrains/kotlinx/kotlinx-coroutines-slf4j/1.7.1/kotlinx-coroutines-slf4j-1.7.1.jar:/Users/himanshu/.m2/repository/io/ktor/ktor-client-cio-jvm/2.3.12/ktor-client-cio-jvm-2.3.12.jar:/Users/himanshu/.m2/repository/io/ktor/ktor-http-cio-jvm/2.3.12/ktor-http-cio-jvm-2.3.12.jar:/Users/himanshu/.m2/repository/io/ktor/ktor-network-jvm/2.3.12/ktor-network-jvm-2.3.12.jar:/Users/himanshu/.m2/repository/io/ktor/ktor-websockets-jvm/2.3.12/ktor-websockets-jvm-2.3.12.jar:/Users/himanshu/.m2/repository/io/ktor/ktor-network-tls-jvm/2.3.12/ktor-network-tls-jvm-2.3.12.jar:/Users/himanshu/.m2/repository/org/junit/platform/junit-platform-launcher/1.10.3/junit-platform-launcher-1.10.3.jar:/Users/himanshu/.m2/repository/org/junit/platform/junit-platform-reporting/1.10.3/junit-platform-reporting-1.10.3.jar:/Users/himanshu/.m2/repository/org/fusesource/jansi/jansi/2.4.1/jansi-2.4.1.jar:/Users/himanshu/.m2/repository/org/jetbrains/kotlin/kotlin-reflect/1.9.24/kotlin-reflect-1.9.24.jar:/Users/himanshu/.m2/repository/org/jetbrains/kotlin/kotlin-stdlib-jdk8/1.9.24/kotlin-stdlib-jdk8-1.9.24.jar:/Users/himanshu/.m2/repository/org/jetbrains/kotlin/kotlin-stdlib-jdk7/1.9.24/kotlin-stdlib-jdk7-1.9.24.jar:/Users/himanshu/.m2/repository/org/jetbrains/kotlin/kotlin-test-junit5/1.9.24/kotlin-test-junit5-1.9.24.jar:/Users/himanshu/.m2/repository/org/jetbrains/kotlin/kotlin-test/1.9.24/kotlin-test-1.9.24.jar:/Users/himanshu/.m2/repository/io/mockk/mockk-jvm/1.13.9/mockk-jvm-1.13.9.jar:/Users/himanshu/.m2/repository/io/mockk/mockk-dsl-jvm/1.13.9/mockk-dsl-jvm-1.13.9.jar:/Users/himanshu/.m2/repository/io/mockk/mockk-agent-jvm/1.13.9/mockk-agent-jvm-1.13.9.jar:/Users/himanshu/.m2/repository/io/mockk/mockk-agent-api-jvm/1.13.9/mockk-agent-api-jvm-1.13.9.jar:/Users/himanshu/.m2/repository/io/mockk/mockk-core-jvm/1.13.9/mockk-core-jvm-1.13.9.jar:/Users/himanshu/.m2/repository/org/jetbrains/kotlin/kotlin-stdlib-common/1.9.10/kotlin-stdlib-common-1.9.10.jar:/Users/himanshu/.m2/repository/junit/junit/4.13.2/junit-4.13.2.jar:/Users/himanshu/.m2/repository/org/hamcrest/hamcrest-core/1.3/hamcrest-core-1.3.jar:/Users/himanshu/.m2/repository/org/jetbrains/kotlinx/kotlinx-coroutines-core/1.6.4/kotlinx-coroutines-core-1.6.4.jar:"/>
    <property name="sun.cpu.endian" value="little"/>
    <property name="user.home" value="/Users/himanshu"/>
    <property name="user.language" value="en"/>
    <property name="java.specification.vendor" value="Oracle Corporation"/>
    <property name="java.version.date" value="2024-07-16"/>
    <property name="java.home" value="/usr/local/Cellar/openjdk/22.0.2/libexec/openjdk.jdk/Contents/Home"/>
    <property name="file.separator" value="/"/>
    <property name="basedir" value="/Users/himanshu/Downloads/coding-test"/>
    <property name="java.vm.compressedOopsMode" value="Zero based"/>
    <property name="line.separator" value="&#10;"/>
    <property name="java.vm.specification.vendor" value="Oracle Corporation"/>
    <property name="java.specification.name" value="Java Platform API Specification"/>
    <property name="apple.awt.application.name" value="ForkedBooter"/>
    <property name="surefire.real.class.path" value="/Users/himanshu/Downloads/coding-test/target/surefire/surefirebooter10631047228459527497.jar"/>
    <property name="sun.management.compiler" value="HotSpot 64-Bit Tiered Compilers"/>
    <property name="ftp.nonProxyHosts" value="local|*.local|169.254/16|*.169.254/16"/>
    <property name="java.runtime.version" value="22.0.2"/>
    <property name="user.name" value="himanshu"/>
    <property name="stdout.encoding" value="UTF-8"/>
    <property name="path.separator" value=":"/>
    <property name="os.version" value="13.2.1"/>
    <property name="java.runtime.name" value="OpenJDK Runtime Environment"/>
    <property name="file.encoding" value="UTF-8"/>
    <property name="java.vm.name" value="OpenJDK 64-Bit Server VM"/>
    <property name="java.vendor.version" value="Homebrew"/>
    <property name="localRepository" value="/Users/himanshu/.m2/repository"/>
    <property name="java.vendor.url.bug" value="https://github.com/Homebrew/homebrew-core/issues"/>
    <property name="java.io.tmpdir" value="/var/folders/k3/p1_frp855wj_nk8br62zcgpr0000gn/T/"/>
    <property name="java.version" value="22.0.2"/>
    <property name="user.dir" value="/Users/himanshu/Downloads/coding-test"/>
    <property name="os.arch" value="x86_64"/>
    <property name="java.vm.specification.name" value="Java Virtual Machine Specification"/>
    <property name="native.encoding" value="UTF-8"/>
    <property name="java.library.path" value="/Users/himanshu/Library/Java/Extensions:/Library/Java/Extensions:/Network/Library/Java/Extensions:/System/Library/Java/Extensions:/usr/lib/java:."/>
    <property name="java.vm.info" value="mixed mode, sharing"/>
    <property name="stderr.encoding" value="UTF-8"/>
    <property name="java.vendor" value="Homebrew"/>
    <property name="java.vm.version" value="22.0.2"/>
    <property name="sun.io.unicode.encoding" value="UnicodeBig"/>
    <property name="socksNonProxyHosts" value="local|*.local|169.254/16|*.169.254/16"/>
    <property name="java.class.version" value="66.0"/>
  </properties>
  <testcase name="getProductsByType should return all products when type is null" classname="com.store.ProductServiceTest" time="0"/>
  <testcase name="createProduct should return a valid ProductId after creation" classname="com.store.ProductServiceTest" time="0"/>
  <testcase name="getProductsByType should filter products by type" classname="com.store.ProductServiceTest" time="0"/>
</testsuite>